Starting Dynare (version 4.5.5).
Starting preprocessing of the model file ...
Found 5 equation(s).
Evaluating expressions...done
Computing static model derivatives:
 - order 1
Computing dynamic model derivatives:
 - order 1
 - order 2
Processing outputs ...
done
Preprocessing completed.

STEADY-STATE RESULTS:

y     		 1
pie   		 1.005
r     		 1.01515
eps_a 		 1
eps_b 		 1

EIGENVALUES:
         Modulus             Real        Imaginary

        3.16e-17        -3.16e-17                0
            0.82             0.82                0
          0.8329           0.8329                0
            0.85             0.85                0
           1.027            1.027                0
           1.669            1.669                0
             Inf              Inf                0


There are 3 eigenvalue(s) larger than 1 in modulus 
for 3 forward-looking variable(s)

The rank condition is verified.

{Error using <a href="matlab:matlab.internal.language.introspective.errorDocCallback('varlist_indices', '/Applications/Dynare/4.5.5/matlab/varlist_indices.m', 62)" style="font-weight:bold">varlist_indices</a> (<a href="matlab: opentoline('/Applications/Dynare/4.5.5/matlab/varlist_indices.m',62,0)">line 62</a>)
The following symbols are not endogenous variables: c

Error in <a href="matlab:matlab.internal.language.introspective.errorDocCallback('nk3_ex6', '/Users/anninorring/Documents/GitHub/DYNARE/Dynare Summer School 2018/2ndlesson_models/nk3_ex6.m', 160)" style="font-weight:bold">nk3_ex6</a> (<a href="matlab: opentoline('/Users/anninorring/Documents/GitHub/DYNARE/Dynare Summer School 2018/2ndlesson_models/nk3_ex6.m',160,0)">line 160</a>)
ic = varlist_indices('c',M_.endo_names);

Error in <a href="matlab:matlab.internal.language.introspective.errorDocCallback('dynare', '/Applications/Dynare/4.5.5/matlab/dynare.m', 235)" style="font-weight:bold">dynare</a> (<a href="matlab: opentoline('/Applications/Dynare/4.5.5/matlab/dynare.m',235,0)">line 235</a>)
evalin('base',fname) ;
} 
dynare nk3_ex6

Configuring Dynare ...
[mex] Generalized QZ.
[mex] Sylvester equation solution.
[mex] Kronecker products.
[mex] Sparse kronecker products.
[mex] Local state space iteration (second order).
[mex] Bytecode evaluation.
[mex] k-order perturbation solver.
[mex] k-order solution simulation.
[mex] Quasi Monte-Carlo sequence (Sobol).
[mex] Markov Switching SBVAR.

Using 64-bit preprocessor
Starting Dynare (version 4.5.5).
Starting preprocessing of the model file ...
Found 5 equation(s).
Evaluating expressions...done
Computing static model derivatives:
 - order 1
Computing dynamic model derivatives:
 - order 1
 - order 2
Processing outputs ...
done
Preprocessing completed.


STEADY-STATE RESULTS:

y     		 1
pie   		 1.005
r     		 1.01515
eps_a 		 1
eps_b 		 1

EIGENVALUES:
         Modulus             Real        Imaginary

        3.16e-17        -3.16e-17                0
            0.82             0.82                0
          0.8329           0.8329                0
            0.85             0.85                0
           1.027            1.027                0
           1.669            1.669                0
             Inf              Inf                0


There are 3 eigenvalue(s) larger than 1 in modulus 
for 3 forward-looking variable(s)

The rank condition is verified.

Total computing time : 0h00m06s
