Starting Dynare (version 4.5.5).
Starting preprocessing of the model file ...
WARNING: nk3_ex5b.mod:79.1-11: periods: this command is now deprecated and may be removed in a future version of Dynare. Please use the ''periods'' option of the ''simul'' command instead.
Found 5 equation(s).
Evaluating expressions...done
Computing static model derivatives:
 - order 1
Computing dynamic model derivatives:
 - order 1
Processing outputs ...
done
Preprocessing completed.

STEADY-STATE RESULTS:

y     		 1
pie   		 1.005
r     		 1.01515
eps_a 		 1
eps_b 		 1

--------------------------------------------------------
MODEL SIMULATION:

Iter: 1,	 err. = 0, 	 time = 0.017698

Total time of simulation: 0.018252
--------------------------------------------------------

Perfect foresight solution found.


--------------------------------------------------------
MODEL SIMULATION:

Iter: 1,	 err. = 0.01, 	 time = 0.002629
Iter: 2,	 err. = 0.0011024, 	 time = 0.004019
Iter: 3,	 err. = 6.0144e-06, 	 time = 0.002982

Total time of simulation: 0.013096
--------------------------------------------------------

Perfect foresight solution found.

Total computing time : 0h00m01s
Note: 1 warning(s) encountered in the preprocessor
