Starting Dynare (version 4.5.5).
Starting preprocessing of the model file ...
Found 5 equation(s).
Evaluating expressions...done
Computing static model derivatives:
 - order 1
Computing dynamic model derivatives:
 - order 1
Processing outputs ...
done
Preprocessing completed.

STEADY-STATE RESULTS:

y     		 1
pie   		 1.005
r     		 1.01515
eps_a 		 1
eps_b 		 1

--------------------------------------------------------
MODEL SIMULATION:

Iter: 1,	 err. = 0.01, 	 time = 0.017697
Iter: 2,	 err. = 0.00021865, 	 time = 0.003799
Iter: 3,	 err. = 6.1907e-08, 	 time = 0.004514

Total time of simulation: 0.029575
--------------------------------------------------------

Perfect foresight solution found.

Total computing time : 0h00m01s
